[2022-06-16 14:26:47,094] {taskinstance.py:670} INFO - Dependencies all met for <TaskInstance: example_python_operator.print_the_context 2022-06-16T17:26:25.769966+00:00 [queued]>
[2022-06-16 14:26:47,100] {taskinstance.py:670} INFO - Dependencies all met for <TaskInstance: example_python_operator.print_the_context 2022-06-16T17:26:25.769966+00:00 [queued]>
[2022-06-16 14:26:47,101] {taskinstance.py:880} INFO - 
--------------------------------------------------------------------------------
[2022-06-16 14:26:47,101] {taskinstance.py:881} INFO - Starting attempt 1 of 1
[2022-06-16 14:26:47,101] {taskinstance.py:882} INFO - 
--------------------------------------------------------------------------------
[2022-06-16 14:26:47,109] {taskinstance.py:901} INFO - Executing <Task(PythonOperator): print_the_context> on 2022-06-16T17:26:25.769966+00:00
[2022-06-16 14:26:47,111] {standard_task_runner.py:54} INFO - Started process 4797 to run task
[2022-06-16 14:26:47,148] {standard_task_runner.py:77} INFO - Running: ['airflow', 'run', 'example_python_operator', 'print_the_context', '2022-06-16T17:26:25.769966+00:00', '--job_id', '2', '--pool', 'default_pool', '--raw', '-sd', '/home/luis/projetos/dados/datapipeline/.env/lib/python3.8/site-packages/airflow/example_dags/example_python_operator.py', '--cfg_path', '/tmp/tmpdxljolyl']
[2022-06-16 14:26:47,148] {standard_task_runner.py:78} INFO - Job 2: Subtask print_the_context
[2022-06-16 14:26:47,165] {logging_mixin.py:112} INFO - Running <TaskInstance: example_python_operator.print_the_context 2022-06-16T17:26:25.769966+00:00 [running]> on host DESKTOP-PF4JHBV.localdomain
[2022-06-16 14:26:47,182] {logging_mixin.py:112} INFO - {'END_DATE': '2022-06-16',
 'conf': <airflow.configuration.AirflowConfigParser object at 0x7f05d0625490>,
 'dag': <DAG: example_python_operator>,
 'dag_run': <DagRun example_python_operator @ 2022-06-16 17:26:25.769966+00:00: manual__2022-06-16T17:26:25.769966+00:00, externally triggered: True>,
 'ds_nodash': '20220616',
 'end_date': '2022-06-16',
 'execution_date': <Pendulum [2022-06-16T17:26:25.769966+00:00]>,
 'inlets': [],
 'latest_date': '2022-06-16',
 'macros': <module 'airflow.macros' from '/home/luis/projetos/dados/datapipeline/.env/lib/python3.8/site-packages/airflow/macros/__init__.py'>,
 'next_ds': '2022-06-16',
 'next_ds_nodash': '20220616',
 'next_execution_date': <Pendulum [2022-06-16T17:26:25.769966+00:00]>,
 'outlets': [],
 'params': {},
 'prev_ds': '2022-06-16',
 'prev_ds_nodash': '20220616',
 'prev_execution_date': <Pendulum [2022-06-16T17:26:25.769966+00:00]>,
 'prev_execution_date_success': <Proxy at 0x7f05ad55be40 with factory <function TaskInstance.get_template_context.<locals>.<lambda> at 0x7f05ad53af70>>,
 'prev_start_date_success': <Proxy at 0x7f05ad55b180 with factory <function TaskInstance.get_template_context.<locals>.<lambda> at 0x7f05ad553160>>,
 'run_id': 'manual__2022-06-16T17:26:25.769966+00:00',
 'tables': None,
 'task': <Task(PythonOperator): print_the_context>,
 'task_instance': <TaskInstance: example_python_operator.print_the_context 2022-06-16T17:26:25.769966+00:00 [running]>,
 'task_instance_key_str': 'example_python_operator__print_the_context__20220616',
 'templates_dict': None,
 'test_mode': False,
 'ti': <TaskInstance: example_python_operator.print_the_context 2022-06-16T17:26:25.769966+00:00 [running]>,
 'tomorrow_ds': '2022-06-17',
 'tomorrow_ds_nodash': '20220617',
 'ts': '2022-06-16T17:26:25.769966+00:00',
 'ts_nodash': '20220616T172625',
 'ts_nodash_with_tz': '20220616T172625.769966+0000',
 'var': {'json': None, 'value': None},
 'yesterday_ds': '2022-06-15',
 'yesterday_ds_nodash': '20220615'}
[2022-06-16 14:26:47,182] {logging_mixin.py:112} INFO - 2022-06-16
[2022-06-16 14:26:47,183] {python_operator.py:114} INFO - Done. Returned value was: Whatever you return gets printed in the logs
[2022-06-16 14:26:47,192] {taskinstance.py:1057} INFO - Marking task as SUCCESS.dag_id=example_python_operator, task_id=print_the_context, execution_date=20220616T172625, start_date=20220616T172647, end_date=20220616T172647
[2022-06-16 14:26:52,090] {local_task_job.py:102} INFO - Task exited with return code 0
